Arguments: 
  C:\Program Files\nodejs\node.exe C:\Users\sumasahu\AppData\Roaming\npm\node_modules\yarn\bin\yarn.js add cypress -D

PATH: 
  C:\Program Files (x86)\Common Files\Oracle\Java\javapath;C:\windows\system32;C:\windows;C:\windows\System32\Wbem;C:\windows\System32\WindowsPowerShell\v1.0\;C:\windows\System32\OpenSSH\;C:\windows\CCM;C:\windows\CCM;C:\Program Files\dotnet\;C:\Program Files\nodejs\;C:\Users\sumasahu\AppData\Local\Microsoft\WindowsApps;;C:\Users\sumasahu\AppData\Local\Programs\Microsoft VS Code\bin;C:\Users\sumasahu\AppData\Roaming\npm

Yarn version: 
  1.22.19

Node version: 
  18.17.0

Platform: 
  win32 x64

Trace: 
  Error: self-signed certificate in certificate chain
      at TLSSocket.onConnectSecure (node:_tls_wrap:1550:34)
      at TLSSocket.emit (node:events:514:28)
      at TLSSocket._finishInit (node:_tls_wrap:967:8)
      at ssl.onhandshakedone (node:_tls_wrap:743:12)

npm manifest: 
  {}

yarn manifest: 
  No manifest

Lockfile: 
  No lockfile
